2022-04-04 02:55:31,574 - INFO - mtx_name: ibm32.mtx, num_nodes: 32, num_threads: 4, num_loop: 100, num_nectars:25, limit: 10, dp_result: 8, greedy_result:9, abc_result: 9
2022-04-04 02:55:33,561 - INFO - mtx_name: jgl009.mtx, num_nodes: 9, num_threads: 3, num_loop: 100, num_nectars:25, limit: 10, dp_result: 3, greedy_result:3, abc_result: 3
2022-04-04 03:01:49,173 - INFO - mtx_name: 225-pde225.mtx, num_nodes: 225, num_threads: 7, num_loop: 112, num_nectars:29, limit: 10, dp_result: 29, greedy_result:44, abc_result: 39
2022-04-04 03:06:42,556 - INFO - mtx_name: 398-bfwb398.mtx, num_nodes: 398, num_threads: 8, num_loop: 199, num_nectars:50, limit: 10, dp_result: 44, greedy_result:57, abc_result: 57
2022-04-04 03:11:09,918 - INFO - mtx_name: 225-pde225.mtx, num_nodes: 225, num_threads: 7, num_loop: 112, num_nectars:29, limit: 10, dp_result: 29, greedy_result:44, abc_result: 39
2022-04-04 03:16:09,123 - INFO - mtx_name: 398-bfwb398.mtx, num_nodes: 398, num_threads: 8, num_loop: 199, num_nectars:50, limit: 10, dp_result: 44, greedy_result:57, abc_result: 57
2022-04-04 03:34:40,810 - INFO - mtx_name: 592-dwt_592.mtx, num_nodes: 592, num_threads: 9, num_loop: 296, num_nectars:75, limit: 10, dp_result: 62, greedy_result:89, abc_result: 75
2022-04-04 03:54:17,805 - INFO - mtx_name: 685_bus.mtx, num_nodes: 685, num_threads: 9, num_loop: 342, num_nectars:86, limit: 10, dp_result: 31, greedy_result:77, abc_result: 81
2022-04-04 03:56:45,543 - INFO - mtx_name: ash292.mtx, num_nodes: 292, num_threads: 7, num_loop: 146, num_nectars:37, limit: 10, dp_result: 103, greedy_result:110, abc_result: 103
2022-04-04 03:56:56,280 - INFO - mtx_name: bcspwr02.mtx, num_nodes: 49, num_threads: 4, num_loop: 100, num_nectars:25, limit: 10, dp_result: 8, greedy_result:13, abc_result: 13
2022-04-04 04:05:10,838 - INFO - mtx_name: bcsstk06.mtx, num_nodes: 420, num_threads: 8, num_loop: 210, num_nectars:53, limit: 10, dp_result: 88, greedy_result:91, abc_result: 88
2022-04-04 06:08:29,228 - INFO - mtx_name: bcsstk08.mtx, num_nodes: 1074, num_threads: 11, num_loop: 537, num_nectars:135, limit: 10, dp_result: 78, greedy_result:104, abc_result: 109
2022-04-04 06:08:38,596 - INFO - mtx_name: chesapeake_39.mtx, num_nodes: 39, num_threads: 4, num_loop: 100, num_nectars:25, limit: 10, dp_result: 8, greedy_result:11, abc_result: 10
2022-04-04 06:08:42,667 - INFO - mtx_name: GD01_b.mtx, num_nodes: 18, num_threads: 3, num_loop: 100, num_nectars:25, limit: 10, dp_result: 11, greedy_result:11, abc_result: 11
2022-04-04 06:08:50,723 - INFO - mtx_name: jgl009.mtx, num_nodes: 9, num_threads: 3, num_loop: 100, num_nectars:25, limit: 10, dp_result: 3, greedy_result:3, abc_result: 3
2022-04-04 06:08:56,817 - INFO - mtx_name: lap_25.mtx, num_nodes: 25, num_threads: 3, num_loop: 100, num_nectars:25, limit: 10, dp_result: 13, greedy_result:13, abc_result: 13
2022-04-04 09:05:04,077 - INFO - mtx_name: 2132-blckhole.mtx, num_nodes: 2132, num_threads: 5, num_loop: 300, num_nectars:40, limit: 10, dp_result: 151, greedy_result:434, abc_result: 432
2022-04-04 12:22:54,232 - INFO - mtx_name: 2132-blckhole.mtx, num_nodes: 2132, num_threads: 10, num_loop: 300, num_nectars:50, limit: 10, dp_result: 151, greedy_result:237, abc_result: 228
2022-04-04 12:35:13,119 - INFO - mtx_name: 10974-bcsstk17.mtx, num_nodes: 10974, num_threads: 10, num_loop: 300, num_nectars:50, limit: 10, dp_result: 1332, greedy_result:1581, abc_result: None
2022-04-04 13:05:02,205 - INFO - mtx_name: 120750-twotone.mtx, num_nodes: 120750, num_threads: 10, num_loop: 300, num_nectars:50, limit: 10, dp_result: 1314, greedy_result:12075, abc_result: None
2022-04-04 13:05:10,936 - INFO - mtx_name: 2132-blckhole.mtx, num_nodes: 2132, num_threads: 10, num_loop: 300, num_nectars:50, limit: 10, dp_result: 151, greedy_result:237, abc_result: None
2022-04-04 13:05:17,512 - INFO - mtx_name: 2873-zenios.mtx, num_nodes: 1947, num_threads: 10, num_loop: 300, num_nectars:50, limit: 10, dp_result: 96, greedy_result:195, abc_result: None
2022-04-04 13:11:05,500 - INFO - mtx_name: 28924-bcsstk30.mtx, num_nodes: 28924, num_threads: 10, num_loop: 300, num_nectars:50, limit: 10, dp_result: 5513, greedy_result:5517, abc_result: None
2022-04-04 13:11:18,599 - INFO - mtx_name: 3937-lns_3937.mtx, num_nodes: 3937, num_threads: 10, num_loop: 300, num_nectars:50, limit: 10, dp_result: 65, greedy_result:394, abc_result: None
2022-04-04 13:11:41,944 - INFO - mtx_name: 3948-bcsstk15.mtx, num_nodes: 3948, num_threads: 10, num_loop: 300, num_nectars:50, limit: 10, dp_result: 365, greedy_result:437, abc_result: None
2022-04-04 13:19:17,874 - INFO - mtx_name: 44609-bcsstk32.mtx, num_nodes: 44609, num_threads: 10, num_loop: 300, num_nectars:50, limit: 10, dp_result: 2951, greedy_result:4920, abc_result: None
2022-04-04 13:19:35,376 - INFO - mtx_name: 5300-bcspwr10.mtx, num_nodes: 5300, num_threads: 10, num_loop: 300, num_nectars:50, limit: 10, dp_result: 11, greedy_result:530, abc_result: None
2022-04-04 13:34:06,651 - INFO - mtx_name: 1086-bcsstk10.mtx, num_nodes: 1086, num_threads: 3, num_loop: 100, num_nectars:20, limit: 10, dp_result: 230, greedy_result:365, abc_result: None, greedy_time:0.019948482513427734
2022-04-04 13:34:36,953 - INFO - mtx_name: 10974-bcsstk17.mtx, num_nodes: 10974, num_threads: 3, num_loop: 100, num_nectars:20, limit: 10, dp_result: 1332, greedy_result:3658, abc_result: None, greedy_time:2.2382054328918457
2022-04-04 13:52:28,591 - INFO - mtx_name: 120750-twotone.mtx, num_nodes: 120750, num_threads: 3, num_loop: 100, num_nectars:20, limit: 10, dp_result: 1314, greedy_result:40250, abc_result: None, greedy_time:420.3796260356903
2022-04-04 13:52:31,938 - INFO - mtx_name: 2132-blckhole.mtx, num_nodes: 2132, num_threads: 3, num_loop: 100, num_nectars:20, limit: 10, dp_result: 151, greedy_result:711, abc_result: None, greedy_time:0.07582998275756836
2022-04-04 13:52:34,441 - INFO - mtx_name: 2873-zenios.mtx, num_nodes: 1947, num_threads: 3, num_loop: 100, num_nectars:20, limit: 10, dp_result: 96, greedy_result:649, abc_result: None, greedy_time:0.13065004348754883
2022-04-04 13:54:57,731 - INFO - mtx_name: 28924-bcsstk30.mtx, num_nodes: 28924, num_threads: 3, num_loop: 100, num_nectars:20, limit: 10, dp_result: 5513, greedy_result:9832, abc_result: None, greedy_time:14.007202386856079
2022-04-04 13:55:04,027 - INFO - mtx_name: 3937-lns_3937.mtx, num_nodes: 3937, num_threads: 3, num_loop: 100, num_nectars:20, limit: 10, dp_result: 65, greedy_result:1313, abc_result: None, greedy_time:0.4033071994781494
2022-04-04 13:55:12,156 - INFO - mtx_name: 3948-bcsstk15.mtx, num_nodes: 3948, num_threads: 3, num_loop: 100, num_nectars:20, limit: 10, dp_result: 365, greedy_result:1319, abc_result: None, greedy_time:0.25736284255981445
2022-04-04 13:58:40,140 - INFO - mtx_name: 44609-bcsstk32.mtx, num_nodes: 44609, num_threads: 3, num_loop: 100, num_nectars:20, limit: 10, dp_result: 2951, greedy_result:14870, abc_result: None, greedy_time:35.09226632118225
2022-04-04 13:58:49,043 - INFO - mtx_name: 5300-bcspwr10.mtx, num_nodes: 5300, num_threads: 3, num_loop: 100, num_nectars:20, limit: 10, dp_result: 11, greedy_result:1767, abc_result: None, greedy_time:0.927746057510376
2022-04-04 14:46:20,341 - INFO - mtx_name: 113_gent113.mtx, num_nodes: 113, num_threads: 4, num_loop: 200, num_nectars:20, limit: 10, dp_result: 4, greedy_result:29, abc_result: 29, greedy_time:0.0
2022-04-04 14:46:52,333 - INFO - mtx_name: 138_bcsstk22.mtx, num_nodes: 138, num_threads: 4, num_loop: 200, num_nectars:20, limit: 10, dp_result: 26, greedy_result:35, abc_result: 35, greedy_time:0.0009946823120117188
2022-04-04 14:47:47,588 - INFO - mtx_name: 144_can_144.mtx, num_nodes: 144, num_threads: 4, num_loop: 200, num_nectars:20, limit: 10, dp_result: 109, greedy_result:109, abc_result: 109, greedy_time:0.0010192394256591797
2022-04-04 14:48:57,561 - INFO - mtx_name: 153_bcsstk05.mtx, num_nodes: 153, num_threads: 4, num_loop: 200, num_nectars:20, limit: 10, dp_result: 59, greedy_result:59, abc_result: 59, greedy_time:0.0
2022-04-04 14:49:58,124 - INFO - mtx_name: 161_can_161.mtx, num_nodes: 161, num_threads: 4, num_loop: 200, num_nectars:20, limit: 10, dp_result: 113, greedy_result:113, abc_result: 113, greedy_time:0.0009789466857910156
2022-04-04 14:50:42,503 - INFO - mtx_name: 162_dwt_162.mtx, num_nodes: 162, num_threads: 4, num_loop: 200, num_nectars:20, limit: 10, dp_result: 51, greedy_result:54, abc_result: 53, greedy_time:0.0
2022-04-04 14:55:26,055 - INFO - mtx_name: 822_bp_600.mtx, num_nodes: 822, num_threads: 4, num_loop: 200, num_nectars:20, limit: 10, dp_result: 10, greedy_result:206, abc_result: 206, greedy_time:0.017950773239135742
2022-04-04 14:56:02,026 - INFO - mtx_name: 96_can_96.mtx, num_nodes: 96, num_threads: 4, num_loop: 200, num_nectars:20, limit: 10, dp_result: 96, greedy_result:96, abc_result: 96, greedy_time:0.0009968280792236328
2022-04-04 14:59:10,725 - INFO - mtx_name: 113_gent113.mtx, num_nodes: 113, num_threads: 2, num_loop: 100, num_nectars:20, limit: 10, dp_result: 4, greedy_result:57, abc_result: 57, greedy_time:0.00099945068359375
2022-04-04 14:59:28,113 - INFO - mtx_name: 138_bcsstk22.mtx, num_nodes: 138, num_threads: 2, num_loop: 100, num_nectars:20, limit: 10, dp_result: 26, greedy_result:69, abc_result: 69, greedy_time:0.0009732246398925781
2022-04-04 14:59:54,830 - INFO - mtx_name: 144_can_144.mtx, num_nodes: 144, num_threads: 2, num_loop: 100, num_nectars:20, limit: 10, dp_result: 109, greedy_result:109, abc_result: 109, greedy_time:0.0009980201721191406
2022-04-04 15:00:25,824 - INFO - mtx_name: 153_bcsstk05.mtx, num_nodes: 153, num_threads: 2, num_loop: 100, num_nectars:20, limit: 10, dp_result: 59, greedy_result:81, abc_result: 78, greedy_time:0.0020294189453125
2022-04-04 15:01:01,466 - INFO - mtx_name: 161_can_161.mtx, num_nodes: 161, num_threads: 2, num_loop: 100, num_nectars:20, limit: 10, dp_result: 113, greedy_result:113, abc_result: 113, greedy_time:0.0019392967224121094
2022-04-04 15:01:32,948 - INFO - mtx_name: 162_dwt_162.mtx, num_nodes: 162, num_threads: 2, num_loop: 100, num_nectars:20, limit: 10, dp_result: 51, greedy_result:87, abc_result: 81, greedy_time:0.0010256767272949219
2022-04-04 15:04:44,416 - INFO - mtx_name: 822_bp_600.mtx, num_nodes: 822, num_threads: 2, num_loop: 100, num_nectars:20, limit: 10, dp_result: 10, greedy_result:411, abc_result: 411, greedy_time:0.04288339614868164
2022-04-04 15:05:08,597 - INFO - mtx_name: 96_can_96.mtx, num_nodes: 96, num_threads: 2, num_loop: 100, num_nectars:20, limit: 10, dp_result: 96, greedy_result:96, abc_result: 96, greedy_time:0.0
2022-04-04 15:27:08,409 - INFO - mtx_name: 113_gent113.mtx, num_nodes: 113, num_threads: 3, num_loop: 100, num_nectars:20, limit: 10, dp_result: 4, greedy_result:38, abc_result: 38, greedy_time:0.0012118816375732422
2022-04-04 15:27:52,331 - INFO - mtx_name: 138_bcsstk22.mtx, num_nodes: 138, num_threads: 3, num_loop: 100, num_nectars:20, limit: 10, dp_result: 26, greedy_result:47, abc_result: 47, greedy_time:0.0010199546813964844
2022-04-04 15:28:45,991 - INFO - mtx_name: 144_can_144.mtx, num_nodes: 144, num_threads: 3, num_loop: 100, num_nectars:20, limit: 10, dp_result: 109, greedy_result:109, abc_result: 109, greedy_time:0.0010309219360351562
2022-04-04 15:29:18,626 - INFO - mtx_name: 153_bcsstk05.mtx, num_nodes: 153, num_threads: 3, num_loop: 100, num_nectars:20, limit: 10, dp_result: 59, greedy_result:67, abc_result: 64, greedy_time:0.0009975433349609375
2022-04-04 15:29:59,760 - INFO - mtx_name: 161_can_161.mtx, num_nodes: 161, num_threads: 3, num_loop: 100, num_nectars:20, limit: 10, dp_result: 113, greedy_result:113, abc_result: 113, greedy_time:0.0009911060333251953
2022-04-04 15:30:43,474 - INFO - mtx_name: 162_dwt_162.mtx, num_nodes: 162, num_threads: 3, num_loop: 100, num_nectars:20, limit: 10, dp_result: 51, greedy_result:62, abc_result: 59, greedy_time:0.0
2022-04-04 15:33:35,495 - INFO - mtx_name: 822_bp_600.mtx, num_nodes: 822, num_threads: 3, num_loop: 100, num_nectars:20, limit: 10, dp_result: 10, greedy_result:274, abc_result: 274, greedy_time:0.028922557830810547
2022-04-04 15:33:54,880 - INFO - mtx_name: 96_can_96.mtx, num_nodes: 96, num_threads: 3, num_loop: 100, num_nectars:20, limit: 10, dp_result: 96, greedy_result:96, abc_result: 96, greedy_time:0.0009965896606445312
2022-04-04 15:38:37,589 - INFO - mtx_name: 100_nos4.mtx, num_nodes: 100, num_threads: 3, num_loop: 100, num_nectars:20, limit: 10, dp_result: 32, greedy_result:42, abc_result: 37, greedy_time:0.0
2022-04-04 15:38:53,962 - INFO - mtx_name: 100_olm100.mtx, num_nodes: 100, num_threads: 3, num_loop: 100, num_nectars:20, limit: 10, dp_result: 51, greedy_result:51, abc_result: 51, greedy_time:0.0009992122650146484
2022-04-04 15:39:12,865 - INFO - mtx_name: 104_ck104.mtx, num_nodes: 104, num_threads: 3, num_loop: 100, num_nectars:20, limit: 10, dp_result: 30, greedy_result:51, abc_result: 38, greedy_time:0.0010297298431396484
2022-04-04 15:39:32,083 - INFO - mtx_name: 131_lns_131.mtx, num_nodes: 131, num_threads: 3, num_loop: 100, num_nectars:20, limit: 10, dp_result: 10, greedy_result:44, abc_result: 44, greedy_time:0.0009617805480957031
2022-04-04 15:39:51,383 - INFO - mtx_name: 132_west0132.mtx, num_nodes: 132, num_threads: 3, num_loop: 100, num_nectars:20, limit: 10, dp_result: 10, greedy_result:44, abc_result: 44, greedy_time:0.0010218620300292969
2022-04-04 15:40:28,995 - INFO - mtx_name: 147_lund_b.mtx, num_nodes: 147, num_threads: 3, num_loop: 100, num_nectars:20, limit: 10, dp_result: 55, greedy_result:58, abc_result: 59, greedy_time:0.000989675521850586
2022-04-04 15:40:36,746 - INFO - mtx_name: 57_will57.mtx, num_nodes: 57, num_threads: 3, num_loop: 100, num_nectars:20, limit: 10, dp_result: 17, greedy_result:24, abc_result: 20, greedy_time:0.0
2022-04-04 15:40:47,450 - INFO - mtx_name: 62_bfwa62.mtx, num_nodes: 62, num_threads: 3, num_loop: 100, num_nectars:20, limit: 10, dp_result: 16, greedy_result:23, abc_result: 22, greedy_time:0.0009980201721191406
2022-04-04 15:40:59,536 - INFO - mtx_name: 67_west0067.mtx, num_nodes: 67, num_threads: 3, num_loop: 100, num_nectars:20, limit: 10, dp_result: 13, greedy_result:23, abc_result: 23, greedy_time:0.0
2022-04-04 15:41:16,627 - INFO - mtx_name: 80_steam3.mtx, num_nodes: 80, num_threads: 3, num_loop: 100, num_nectars:20, limit: 10, dp_result: 8, greedy_result:27, abc_result: 27, greedy_time:0.0
2022-04-04 15:46:04,740 - INFO - mtx_name: 100_nos4.mtx, num_nodes: 100, num_threads: 4, num_loop: 100, num_nectars:20, limit: 10, dp_result: 32, greedy_result:36, abc_result: 32, greedy_time:0.0
2022-04-04 15:46:21,036 - INFO - mtx_name: 100_olm100.mtx, num_nodes: 100, num_threads: 4, num_loop: 100, num_nectars:20, limit: 10, dp_result: 51, greedy_result:51, abc_result: 51, greedy_time:0.0
2022-04-04 15:47:02,160 - INFO - mtx_name: 104_ck104.mtx, num_nodes: 104, num_threads: 4, num_loop: 100, num_nectars:20, limit: 10, dp_result: 30, greedy_result:30, abc_result: 30, greedy_time:0.0012369155883789062
2022-04-04 15:47:40,710 - INFO - mtx_name: 131_lns_131.mtx, num_nodes: 131, num_threads: 4, num_loop: 100, num_nectars:20, limit: 10, dp_result: 10, greedy_result:33, abc_result: 33, greedy_time:0.0
2022-04-04 15:47:59,758 - INFO - mtx_name: 132_west0132.mtx, num_nodes: 132, num_threads: 4, num_loop: 100, num_nectars:20, limit: 10, dp_result: 10, greedy_result:33, abc_result: 33, greedy_time:0.0007936954498291016
2022-04-04 15:48:43,326 - INFO - mtx_name: 147_lund_b.mtx, num_nodes: 147, num_threads: 4, num_loop: 100, num_nectars:20, limit: 10, dp_result: 55, greedy_result:55, abc_result: 55, greedy_time:0.0
2022-04-04 15:48:51,341 - INFO - mtx_name: 57_will57.mtx, num_nodes: 57, num_threads: 4, num_loop: 100, num_nectars:20, limit: 10, dp_result: 17, greedy_result:20, abc_result: 18, greedy_time:0.0
2022-04-04 15:49:01,553 - INFO - mtx_name: 62_bfwa62.mtx, num_nodes: 62, num_threads: 4, num_loop: 100, num_nectars:20, limit: 10, dp_result: 16, greedy_result:19, abc_result: 18, greedy_time:0.0
2022-04-04 15:49:13,450 - INFO - mtx_name: 67_west0067.mtx, num_nodes: 67, num_threads: 4, num_loop: 100, num_nectars:20, limit: 10, dp_result: 13, greedy_result:19, abc_result: 18, greedy_time:0.0
2022-04-04 15:49:29,927 - INFO - mtx_name: 80_steam3.mtx, num_nodes: 80, num_threads: 4, num_loop: 100, num_nectars:20, limit: 10, dp_result: 8, greedy_result:20, abc_result: 20, greedy_time:0.0008034706115722656
2022-04-04 15:50:19,808 - INFO - mtx_name: 100_nos4.mtx, num_nodes: 100, num_threads: 5, num_loop: 100, num_nectars:20, limit: 10, dp_result: 32, greedy_result:34, abc_result: 32, greedy_time:0.0
2022-04-04 15:50:42,750 - INFO - mtx_name: 100_olm100.mtx, num_nodes: 100, num_threads: 5, num_loop: 100, num_nectars:20, limit: 10, dp_result: 51, greedy_result:51, abc_result: 51, greedy_time:0.0019958019256591797
2022-04-04 15:51:16,336 - INFO - mtx_name: 104_ck104.mtx, num_nodes: 104, num_threads: 5, num_loop: 100, num_nectars:20, limit: 10, dp_result: 30, greedy_result:30, abc_result: 30, greedy_time:0.0
2022-04-04 15:51:37,690 - INFO - mtx_name: 131_lns_131.mtx, num_nodes: 131, num_threads: 5, num_loop: 100, num_nectars:20, limit: 10, dp_result: 10, greedy_result:27, abc_result: 27, greedy_time:0.0
2022-04-04 15:51:59,509 - INFO - mtx_name: 132_west0132.mtx, num_nodes: 132, num_threads: 5, num_loop: 100, num_nectars:20, limit: 10, dp_result: 10, greedy_result:27, abc_result: 27, greedy_time:0.0
2022-04-04 15:52:42,144 - INFO - mtx_name: 147_lund_b.mtx, num_nodes: 147, num_threads: 5, num_loop: 100, num_nectars:20, limit: 10, dp_result: 55, greedy_result:55, abc_result: 55, greedy_time:0.0005147457122802734
2022-04-04 15:52:51,180 - INFO - mtx_name: 57_will57.mtx, num_nodes: 57, num_threads: 5, num_loop: 100, num_nectars:20, limit: 10, dp_result: 17, greedy_result:18, abc_result: 17, greedy_time:0.0
2022-04-04 15:53:02,421 - INFO - mtx_name: 62_bfwa62.mtx, num_nodes: 62, num_threads: 5, num_loop: 100, num_nectars:20, limit: 10, dp_result: 16, greedy_result:18, abc_result: 17, greedy_time:0.0
2022-04-04 15:53:14,053 - INFO - mtx_name: 67_west0067.mtx, num_nodes: 67, num_threads: 5, num_loop: 100, num_nectars:20, limit: 10, dp_result: 13, greedy_result:17, abc_result: 15, greedy_time:0.0
2022-04-04 15:53:29,985 - INFO - mtx_name: 80_steam3.mtx, num_nodes: 80, num_threads: 5, num_loop: 100, num_nectars:20, limit: 10, dp_result: 8, greedy_result:16, abc_result: 16, greedy_time:0.0006823539733886719
2022-04-04 15:56:29,699 - INFO - mtx_name: lap_25.mtx, num_nodes: 25, num_threads: 2, num_loop: 100, num_nectars:20, limit: 10, dp_result: 13, greedy_result:15, abc_result: 15, greedy_time:0.0
2022-04-04 15:57:49,762 - INFO - mtx_name: lap_25.mtx, num_nodes: 25, num_threads: 2, num_loop: 100, num_nectars:20, limit: 10, dp_result: 13, greedy_result:15, abc_result: 15, greedy_time:0.0
2022-04-04 15:59:34,335 - INFO - mtx_name: ./daata_2/100_nos4.mtx, num_nodes: 100, num_threads: 2, num_loop: 100, num_nectars:20, limit: 10, dp_result: 32, greedy_result:53, abc_result: 50, greedy_time:0.0009963512420654297
2022-04-04 16:00:21,468 - INFO - mtx_name: jgl009.mtx, num_nodes: 9, num_threads: 2, num_loop: 100, num_nectars:20, limit: 10, dp_result: 3, greedy_result:5, abc_result: 5, greedy_time:0.0
2022-04-04 16:00:48,557 - INFO - mtx_name: jgl009.mtx, num_nodes: 9, num_threads: 2, num_loop: 100, num_nectars:20, limit: 10, dp_result: 3, greedy_result:5, abc_result: 5, greedy_time:0.0
2022-04-04 16:31:48,110 - INFO - mtx_name: 104_ck104.mtx, num_nodes: 104, num_threads: 5, num_loop: 100, num_nectars:20, limit: 10, dp_result: 30, greedy_result:30, abc_result: 30, greedy_time:0.0
2022-04-04 16:32:39,025 - INFO - mtx_name: 112_bcsstk03.mtx, num_nodes: 112, num_threads: 5, num_loop: 100, num_nectars:20, limit: 10, dp_result: 52, greedy_result:52, abc_result: 52, greedy_time:0.0007836818695068359
2022-04-04 16:33:11,986 - INFO - mtx_name: 113_gent113.mtx, num_nodes: 113, num_threads: 5, num_loop: 100, num_nectars:20, limit: 10, dp_result: 4, greedy_result:23, abc_result: 23, greedy_time:0.001995086669921875
2022-04-04 16:33:35,427 - INFO - mtx_name: 115_gre_115.mtx, num_nodes: 115, num_threads: 5, num_loop: 100, num_nectars:20, limit: 10, dp_result: 4, greedy_result:23, abc_result: 23, greedy_time:0.0009970664978027344
2022-04-04 16:34:00,846 - INFO - mtx_name: 131_lnsp_131.mtx, num_nodes: 130, num_threads: 5, num_loop: 100, num_nectars:20, limit: 10, dp_result: 13, greedy_result:26, abc_result: 26, greedy_time:0.0
2022-04-04 16:34:25,107 - INFO - mtx_name: 131_lns_131.mtx, num_nodes: 131, num_threads: 5, num_loop: 100, num_nectars:20, limit: 10, dp_result: 10, greedy_result:27, abc_result: 27, greedy_time:0.0009949207305908203
2022-04-04 16:35:19,847 - INFO - mtx_name: 132_bcsstk04.mtx, num_nodes: 132, num_threads: 5, num_loop: 100, num_nectars:20, limit: 10, dp_result: 82, greedy_result:82, abc_result: 82, greedy_time:0.0009975433349609375
2022-04-04 16:35:34,462 - INFO - mtx_name: 137_impcol_c.mtx, num_nodes: 121, num_threads: 5, num_loop: 100, num_nectars:20, limit: 10, dp_result: 19, greedy_result:30, abc_result: 25, greedy_time:0.0
2022-04-04 16:35:51,812 - INFO - mtx_name: 138_bcsstk22.mtx, num_nodes: 138, num_threads: 5, num_loop: 100, num_nectars:20, limit: 10, dp_result: 26, greedy_result:33, abc_result: 30, greedy_time:0.0
2022-04-04 16:35:58,140 - INFO - mtx_name: 49_bcspwr02.mtx, num_nodes: 49, num_threads: 5, num_loop: 100, num_nectars:20, limit: 10, dp_result: 8, greedy_result:11, abc_result: 10, greedy_time:0.0
2022-04-04 16:36:07,385 - INFO - mtx_name: 54_curtis54.mtx, num_nodes: 54, num_threads: 5, num_loop: 100, num_nectars:20, limit: 10, dp_result: 34, greedy_result:34, abc_result: 34, greedy_time:0.0
2022-04-04 16:36:14,805 - INFO - mtx_name: 57_will57.mtx, num_nodes: 57, num_threads: 5, num_loop: 100, num_nectars:20, limit: 10, dp_result: 17, greedy_result:18, abc_result: 17, greedy_time:0.0
2022-04-04 16:36:24,211 - INFO - mtx_name: 59_dwt_59.mtx, num_nodes: 59, num_threads: 5, num_loop: 100, num_nectars:20, limit: 10, dp_result: 22, greedy_result:22, abc_result: 22, greedy_time:0.0
2022-04-04 16:36:33,511 - INFO - mtx_name: 59_impcol_b.mtx, num_nodes: 59, num_threads: 5, num_loop: 100, num_nectars:20, limit: 10, dp_result: 15, greedy_result:16, abc_result: 16, greedy_time:0.0
2022-04-04 16:36:43,484 - INFO - mtx_name: 62_bfwa62.mtx, num_nodes: 62, num_threads: 5, num_loop: 100, num_nectars:20, limit: 10, dp_result: 16, greedy_result:18, abc_result: 17, greedy_time:0.0
2022-04-04 16:36:52,734 - INFO - mtx_name: 62_can_62.mtx, num_nodes: 62, num_threads: 5, num_loop: 100, num_nectars:20, limit: 10, dp_result: 24, greedy_result:24, abc_result: 24, greedy_time:0.0
2022-04-04 16:37:35,192 - INFO - mtx_name: 66_bcsstk02.mtx, num_nodes: 66, num_threads: 5, num_loop: 100, num_nectars:20, limit: 10, dp_result: 66, greedy_result:66, abc_result: 66, greedy_time:0.0
2022-04-04 16:37:46,368 - INFO - mtx_name: 72_dwt_72.mtx, num_nodes: 72, num_threads: 5, num_loop: 100, num_nectars:20, limit: 10, dp_result: 22, greedy_result:22, abc_result: 22, greedy_time:0.0
2022-04-04 16:37:59,668 - INFO - mtx_name: 73_can_73.mtx, num_nodes: 73, num_threads: 5, num_loop: 100, num_nectars:20, limit: 10, dp_result: 55, greedy_result:55, abc_result: 55, greedy_time:0.0
2022-04-04 16:38:13,946 - INFO - mtx_name: 80_steam3.mtx, num_nodes: 80, num_threads: 5, num_loop: 100, num_nectars:20, limit: 10, dp_result: 8, greedy_result:16, abc_result: 16, greedy_time:0.0
2022-04-04 16:38:29,390 - INFO - mtx_name: 85_ash85.mtx, num_nodes: 85, num_threads: 5, num_loop: 100, num_nectars:20, limit: 10, dp_result: 43, greedy_result:43, abc_result: 43, greedy_time:0.0
2022-04-04 16:38:46,914 - INFO - mtx_name: 87_dwt_87.mtx, num_nodes: 87, num_threads: 5, num_loop: 100, num_nectars:20, limit: 10, dp_result: 23, greedy_result:24, abc_result: 24, greedy_time:0.0009968280792236328
2022-04-04 16:42:13,891 - INFO - mtx_name: 104_ck104.mtx, num_nodes: 104, num_threads: 4, num_loop: 100, num_nectars:20, limit: 10, dp_result: 30, greedy_result:30, abc_result: 30, greedy_time:0.0
2022-04-04 16:42:34,197 - INFO - mtx_name: 112_bcsstk03.mtx, num_nodes: 112, num_threads: 4, num_loop: 100, num_nectars:20, limit: 10, dp_result: 52, greedy_result:52, abc_result: 52, greedy_time:0.0
2022-04-04 16:42:51,638 - INFO - mtx_name: 113_gent113.mtx, num_nodes: 113, num_threads: 4, num_loop: 100, num_nectars:20, limit: 10, dp_result: 4, greedy_result:29, abc_result: 29, greedy_time:0.001027822494506836
2022-04-04 16:43:07,874 - INFO - mtx_name: 115_gre_115.mtx, num_nodes: 115, num_threads: 4, num_loop: 100, num_nectars:20, limit: 10, dp_result: 4, greedy_result:29, abc_result: 29, greedy_time:0.0
2022-04-04 16:43:26,702 - INFO - mtx_name: 131_lnsp_131.mtx, num_nodes: 130, num_threads: 4, num_loop: 100, num_nectars:20, limit: 10, dp_result: 13, greedy_result:33, abc_result: 33, greedy_time:0.0
2022-04-04 16:43:46,341 - INFO - mtx_name: 131_lns_131.mtx, num_nodes: 131, num_threads: 4, num_loop: 100, num_nectars:20, limit: 10, dp_result: 10, greedy_result:33, abc_result: 33, greedy_time:0.0
2022-04-04 16:44:42,162 - INFO - mtx_name: 132_bcsstk04.mtx, num_nodes: 132, num_threads: 4, num_loop: 100, num_nectars:20, limit: 10, dp_result: 82, greedy_result:82, abc_result: 82, greedy_time:0.000997304916381836
2022-04-04 16:45:06,129 - INFO - mtx_name: 137_impcol_c.mtx, num_nodes: 121, num_threads: 4, num_loop: 100, num_nectars:20, limit: 10, dp_result: 19, greedy_result:31, abc_result: 31, greedy_time:0.0009961128234863281
2022-04-04 16:45:45,517 - INFO - mtx_name: 138_bcsstk22.mtx, num_nodes: 138, num_threads: 4, num_loop: 100, num_nectars:20, limit: 10, dp_result: 26, greedy_result:35, abc_result: 35, greedy_time:0.0012798309326171875
2022-04-04 16:45:53,472 - INFO - mtx_name: 49_bcspwr02.mtx, num_nodes: 49, num_threads: 4, num_loop: 100, num_nectars:20, limit: 10, dp_result: 8, greedy_result:13, abc_result: 13, greedy_time:0.0
2022-04-04 16:46:03,324 - INFO - mtx_name: 54_curtis54.mtx, num_nodes: 54, num_threads: 4, num_loop: 100, num_nectars:20, limit: 10, dp_result: 34, greedy_result:34, abc_result: 34, greedy_time:0.0
2022-04-04 16:46:11,654 - INFO - mtx_name: 57_will57.mtx, num_nodes: 57, num_threads: 4, num_loop: 100, num_nectars:20, limit: 10, dp_result: 17, greedy_result:20, abc_result: 19, greedy_time:0.0
2022-04-04 16:46:21,869 - INFO - mtx_name: 59_dwt_59.mtx, num_nodes: 59, num_threads: 4, num_loop: 100, num_nectars:20, limit: 10, dp_result: 22, greedy_result:22, abc_result: 22, greedy_time:0.0
2022-04-04 16:46:30,421 - INFO - mtx_name: 59_impcol_b.mtx, num_nodes: 59, num_threads: 4, num_loop: 100, num_nectars:20, limit: 10, dp_result: 15, greedy_result:19, abc_result: 18, greedy_time:0.0
2022-04-04 16:46:39,579 - INFO - mtx_name: 62_bfwa62.mtx, num_nodes: 62, num_threads: 4, num_loop: 100, num_nectars:20, limit: 10, dp_result: 16, greedy_result:19, abc_result: 18, greedy_time:0.0
2022-04-04 16:46:48,445 - INFO - mtx_name: 62_can_62.mtx, num_nodes: 62, num_threads: 4, num_loop: 100, num_nectars:20, limit: 10, dp_result: 24, greedy_result:25, abc_result: 24, greedy_time:0.0
2022-04-04 16:47:30,406 - INFO - mtx_name: 66_bcsstk02.mtx, num_nodes: 66, num_threads: 4, num_loop: 100, num_nectars:20, limit: 10, dp_result: 66, greedy_result:66, abc_result: 66, greedy_time:0.0
2022-04-04 16:47:39,441 - INFO - mtx_name: 72_dwt_72.mtx, num_nodes: 72, num_threads: 4, num_loop: 100, num_nectars:20, limit: 10, dp_result: 22, greedy_result:29, abc_result: 23, greedy_time:0.0
2022-04-04 16:47:51,585 - INFO - mtx_name: 73_can_73.mtx, num_nodes: 73, num_threads: 4, num_loop: 100, num_nectars:20, limit: 10, dp_result: 55, greedy_result:55, abc_result: 55, greedy_time:0.0010235309600830078
2022-04-04 16:48:05,876 - INFO - mtx_name: 80_steam3.mtx, num_nodes: 80, num_threads: 4, num_loop: 100, num_nectars:20, limit: 10, dp_result: 8, greedy_result:20, abc_result: 20, greedy_time:0.0
2022-04-04 16:48:20,262 - INFO - mtx_name: 85_ash85.mtx, num_nodes: 85, num_threads: 4, num_loop: 100, num_nectars:20, limit: 10, dp_result: 43, greedy_result:43, abc_result: 43, greedy_time:0.0
2022-04-04 16:48:32,997 - INFO - mtx_name: 87_dwt_87.mtx, num_nodes: 87, num_threads: 4, num_loop: 100, num_nectars:20, limit: 10, dp_result: 23, greedy_result:25, abc_result: 26, greedy_time:0.0
2022-04-04 17:02:51,247 - INFO - mtx_name: 104_ck104.mtx, num_nodes: 104, num_threads: 3, num_loop: 100, num_nectars:20, limit: 10, dp_result: 30, greedy_result:51, abc_result: 38, greedy_time:0.0009622573852539062
2022-04-04 17:03:11,875 - INFO - mtx_name: 112_bcsstk03.mtx, num_nodes: 112, num_threads: 3, num_loop: 100, num_nectars:20, limit: 10, dp_result: 52, greedy_result:54, abc_result: 54, greedy_time:0.001027822494506836
2022-04-04 17:03:29,149 - INFO - mtx_name: 113_gent113.mtx, num_nodes: 113, num_threads: 3, num_loop: 100, num_nectars:20, limit: 10, dp_result: 4, greedy_result:38, abc_result: 38, greedy_time:0.0
2022-04-04 17:03:44,876 - INFO - mtx_name: 115_gre_115.mtx, num_nodes: 115, num_threads: 3, num_loop: 100, num_nectars:20, limit: 10, dp_result: 4, greedy_result:39, abc_result: 39, greedy_time:0.0009970664978027344
2022-04-04 17:04:03,441 - INFO - mtx_name: 131_lnsp_131.mtx, num_nodes: 130, num_threads: 3, num_loop: 100, num_nectars:20, limit: 10, dp_result: 13, greedy_result:44, abc_result: 44, greedy_time:0.0009942054748535156
2022-04-04 17:04:22,063 - INFO - mtx_name: 131_lns_131.mtx, num_nodes: 131, num_threads: 3, num_loop: 100, num_nectars:20, limit: 10, dp_result: 10, greedy_result:44, abc_result: 44, greedy_time:0.0
2022-04-04 17:05:08,310 - INFO - mtx_name: 132_bcsstk04.mtx, num_nodes: 132, num_threads: 3, num_loop: 100, num_nectars:20, limit: 10, dp_result: 82, greedy_result:82, abc_result: 82, greedy_time:0.0
2022-04-04 17:05:24,751 - INFO - mtx_name: 137_impcol_c.mtx, num_nodes: 121, num_threads: 3, num_loop: 100, num_nectars:20, limit: 10, dp_result: 19, greedy_result:41, abc_result: 41, greedy_time:0.0005109310150146484
2022-04-04 17:05:43,912 - INFO - mtx_name: 138_bcsstk22.mtx, num_nodes: 138, num_threads: 3, num_loop: 100, num_nectars:20, limit: 10, dp_result: 26, greedy_result:47, abc_result: 46, greedy_time:0.0009639263153076172
2022-04-04 17:05:51,183 - INFO - mtx_name: 49_bcspwr02.mtx, num_nodes: 49, num_threads: 3, num_loop: 100, num_nectars:20, limit: 10, dp_result: 8, greedy_result:17, abc_result: 17, greedy_time:0.0
2022-04-04 17:06:00,389 - INFO - mtx_name: 54_curtis54.mtx, num_nodes: 54, num_threads: 3, num_loop: 100, num_nectars:20, limit: 10, dp_result: 34, greedy_result:34, abc_result: 34, greedy_time:0.0
2022-04-04 17:06:07,689 - INFO - mtx_name: 57_will57.mtx, num_nodes: 57, num_threads: 3, num_loop: 100, num_nectars:20, limit: 10, dp_result: 17, greedy_result:24, abc_result: 20, greedy_time:0.0
2022-04-04 17:06:16,355 - INFO - mtx_name: 59_dwt_59.mtx, num_nodes: 59, num_threads: 3, num_loop: 100, num_nectars:20, limit: 10, dp_result: 22, greedy_result:22, abc_result: 22, greedy_time:0.0
2022-04-04 17:06:24,438 - INFO - mtx_name: 59_impcol_b.mtx, num_nodes: 59, num_threads: 3, num_loop: 100, num_nectars:20, limit: 10, dp_result: 15, greedy_result:21, abc_result: 21, greedy_time:0.0
2022-04-04 17:06:34,746 - INFO - mtx_name: 62_bfwa62.mtx, num_nodes: 62, num_threads: 3, num_loop: 100, num_nectars:20, limit: 10, dp_result: 16, greedy_result:23, abc_result: 22, greedy_time:0.0
2022-04-04 17:06:42,576 - INFO - mtx_name: 62_can_62.mtx, num_nodes: 62, num_threads: 3, num_loop: 100, num_nectars:20, limit: 10, dp_result: 24, greedy_result:26, abc_result: 24, greedy_time:0.0
2022-04-04 17:07:27,213 - INFO - mtx_name: 66_bcsstk02.mtx, num_nodes: 66, num_threads: 3, num_loop: 100, num_nectars:20, limit: 10, dp_result: 66, greedy_result:66, abc_result: 66, greedy_time:0.0
2022-04-04 17:07:36,529 - INFO - mtx_name: 72_dwt_72.mtx, num_nodes: 72, num_threads: 3, num_loop: 100, num_nectars:20, limit: 10, dp_result: 22, greedy_result:34, abc_result: 27, greedy_time:0.0
2022-04-04 17:07:50,010 - INFO - mtx_name: 73_can_73.mtx, num_nodes: 73, num_threads: 3, num_loop: 100, num_nectars:20, limit: 10, dp_result: 55, greedy_result:55, abc_result: 55, greedy_time:0.0
2022-04-04 17:08:06,934 - INFO - mtx_name: 80_steam3.mtx, num_nodes: 80, num_threads: 3, num_loop: 100, num_nectars:20, limit: 10, dp_result: 8, greedy_result:27, abc_result: 27, greedy_time:0.0
2022-04-04 17:08:18,785 - INFO - mtx_name: 85_ash85.mtx, num_nodes: 85, num_threads: 3, num_loop: 100, num_nectars:20, limit: 10, dp_result: 43, greedy_result:45, abc_result: 43, greedy_time:0.0
2022-04-04 17:08:31,442 - INFO - mtx_name: 87_dwt_87.mtx, num_nodes: 87, num_threads: 3, num_loop: 100, num_nectars:20, limit: 10, dp_result: 23, greedy_result:33, abc_result: 32, greedy_time:0.0
